<?xml version="1.0" encoding="UTF-8"?>
<testsuite name="edu.bsu.cs222.WikipediaParserTest" tests="4" skipped="0" failures="0" errors="0" timestamp="2023-10-03T21:42:16" hostname="Campbells-MacBook-Pro.local" time="0.014">
  <properties/>
  <testcase name="testParse_user()" classname="edu.bsu.cs222.WikipediaParserTest" time="0.002"/>
  <testcase name="testParse_redirect_to()" classname="edu.bsu.cs222.WikipediaParserTest" time="0.002"/>
  <testcase name="testParse_Timestamp()" classname="edu.bsu.cs222.WikipediaParserTest" time="0.003"/>
  <testcase name="testParse_redirect_From()" classname="edu.bsu.cs222.WikipediaParserTest" time="0.003"/>
  <system-out><![CDATA[]]></system-out>
  <system-err><![CDATA[]]></system-err>
</testsuite>
