<?xml version="1.0" encoding="UTF-8"?>
<testsuite name="edu.bsu.cs222.RedirectTest" tests="1" skipped="0" failures="0" errors="0" timestamp="2023-10-03T21:42:16" hostname="Campbells-MacBook-Pro.local" time="0.001">
  <properties/>
  <testcase name="Printer_gui_test()" classname="edu.bsu.cs222.RedirectTest" time="0.001"/>
  <system-out><![CDATA[]]></system-out>
  <system-err><![CDATA[]]></system-err>
</testsuite>
