<?xml version="1.0" encoding="UTF-8"?>
<testsuite name="edu.bsu.cs222.RevisionFormatterTest" tests="1" skipped="0" failures="0" errors="0" timestamp="2023-10-03T21:42:16" hostname="Campbells-MacBook-Pro.local" time="0.003">
  <properties/>
  <testcase name="Revison_formatter_test()" classname="edu.bsu.cs222.RevisionFormatterTest" time="0.003"/>
  <system-out><![CDATA[]]></system-out>
  <system-err><![CDATA[]]></system-err>
</testsuite>
