<?xml version="1.0" encoding="UTF-8"?>
<testsuite name="edu.bsu.cs222.PrinterTest" tests="2" skipped="0" failures="0" errors="0" timestamp="2023-10-03T21:42:16" hostname="Campbells-MacBook-Pro.local" time="0.093">
  <properties/>
  <testcase name="returns_redierects_test()" classname="edu.bsu.cs222.PrinterTest" time="0.082"/>
  <testcase name="returns_revisions_test()" classname="edu.bsu.cs222.PrinterTest" time="0.009"/>
  <system-out><![CDATA[]]></system-out>
  <system-err><![CDATA[]]></system-err>
</testsuite>
