<?xml version="1.0" encoding="UTF-8"?>
<testsuite name="edu.bsu.cs222.RevisionTest" tests="1" skipped="0" failures="0" errors="0" timestamp="2023-10-03T21:42:16" hostname="Campbells-MacBook-Pro.local" time="0.002">
  <properties/>
  <testcase name="Revison_test()" classname="edu.bsu.cs222.RevisionTest" time="0.002"/>
  <system-out><![CDATA[]]></system-out>
  <system-err><![CDATA[]]></system-err>
</testsuite>
